<?xml version="1.0" encoding="UTF-8"?>
<testsuite xmlns:xsi="http://www.w3.org/2001/XMLSchema-instance" xsi:noNamespaceSchemaLocation="https://maven.apache.org/surefire/maven-surefire-plugin/xsd/surefire-test-report.xsd" name="com.rbp.movieapp.MovieappApplicationTests" time="8.424" tests="1" errors="0" skipped="0" failures="0">
  <properties>
    <property name="sun.desktop" value="windows"/>
    <property name="awt.toolkit" value="sun.awt.windows.WToolkit"/>
    <property name="java.specification.version" value="11"/>
    <property name="file.encoding.pkg" value="sun.io"/>
    <property name="jdk.extensions.version" value="11.0.16.0"/>
    <property name="sun.jnu.encoding" value="Cp1252"/>
    <property name="java.class.path" value="C:\Users\UG50TS\Downloads\Movie-Booking-App-main\movieapp\target\test-classes;C:\Users\UG50TS\Downloads\Movie-Booking-App-main\movieapp\target\classes;C:\Users\UG50TS\.m2\repository\io\springfox\springfox-swagger2\2.9.2\springfox-swagger2-2.9.2.jar;C:\Users\UG50TS\.m2\repository\io\swagger\swagger-annotations\1.5.20\swagger-annotations-1.5.20.jar;C:\Users\UG50TS\.m2\repository\io\swagger\swagger-models\1.5.20\swagger-models-1.5.20.jar;C:\Users\UG50TS\.m2\repository\com\fasterxml\jackson\core\jackson-annotations\2.13.5\jackson-annotations-2.13.5.jar;C:\Users\UG50TS\.m2\repository\io\springfox\springfox-spi\2.9.2\springfox-spi-2.9.2.jar;C:\Users\UG50TS\.m2\repository\io\springfox\springfox-core\2.9.2\springfox-core-2.9.2.jar;C:\Users\UG50TS\.m2\repository\io\springfox\springfox-schema\2.9.2\springfox-schema-2.9.2.jar;C:\Users\UG50TS\.m2\repository\io\springfox\springfox-swagger-common\2.9.2\springfox-swagger-common-2.9.2.jar;C:\Users\UG50TS\.m2\repository\io\springfox\springfox-spring-web\2.9.2\springfox-spring-web-2.9.2.jar;C:\Users\UG50TS\.m2\repository\com\google\guava\guava\20.0\guava-20.0.jar;C:\Users\UG50TS\.m2\repository\com\fasterxml\classmate\1.5.1\classmate-1.5.1.jar;C:\Users\UG50TS\.m2\repository\org\slf4j\slf4j-api\1.7.36\slf4j-api-1.7.36.jar;C:\Users\UG50TS\.m2\repository\org\springframework\plugin\spring-plugin-core\1.2.0.RELEASE\spring-plugin-core-1.2.0.RELEASE.jar;C:\Users\UG50TS\.m2\repository\org\springframework\spring-beans\5.3.26\spring-beans-5.3.26.jar;C:\Users\UG50TS\.m2\repository\org\springframework\plugin\spring-plugin-metadata\1.2.0.RELEASE\spring-plugin-metadata-1.2.0.RELEASE.jar;C:\Users\UG50TS\.m2\repository\org\mapstruct\mapstruct\1.2.0.Final\mapstruct-1.2.0.Final.jar;C:\Users\UG50TS\.m2\repository\io\springfox\springfox-swagger-ui\2.9.2\springfox-swagger-ui-2.9.2.jar;C:\Users\UG50TS\.m2\repository\org\springframework\boot\spring-boot-starter-data-mongodb\2.7.10\spring-boot-starter-data-mongodb-2.7.10.jar;C:\Users\UG50TS\.m2\repository\org\springframework\boot\spring-boot-starter\2.7.10\spring-boot-starter-2.7.10.jar;C:\Users\UG50TS\.m2\repository\org\springframework\boot\spring-boot-starter-logging\2.7.10\spring-boot-starter-logging-2.7.10.jar;C:\Users\UG50TS\.m2\repository\ch\qos\logback\logback-classic\1.2.11\logback-classic-1.2.11.jar;C:\Users\UG50TS\.m2\repository\ch\qos\logback\logback-core\1.2.11\logback-core-1.2.11.jar;C:\Users\UG50TS\.m2\repository\org\apache\logging\log4j\log4j-to-slf4j\2.17.2\log4j-to-slf4j-2.17.2.jar;C:\Users\UG50TS\.m2\repository\org\apache\logging\log4j\log4j-api\2.17.2\log4j-api-2.17.2.jar;C:\Users\UG50TS\.m2\repository\org\slf4j\jul-to-slf4j\1.7.36\jul-to-slf4j-1.7.36.jar;C:\Users\UG50TS\.m2\repository\jakarta\annotation\jakarta.annotation-api\1.3.5\jakarta.annotation-api-1.3.5.jar;C:\Users\UG50TS\.m2\repository\org\yaml\snakeyaml\1.30\snakeyaml-1.30.jar;C:\Users\UG50TS\.m2\repository\org\mongodb\mongodb-driver-sync\4.6.1\mongodb-driver-sync-4.6.1.jar;C:\Users\UG50TS\.m2\repository\org\mongodb\bson\4.6.1\bson-4.6.1.jar;C:\Users\UG50TS\.m2\repository\org\mongodb\mongodb-driver-core\4.6.1\mongodb-driver-core-4.6.1.jar;C:\Users\UG50TS\.m2\repository\org\mongodb\bson-record-codec\4.6.1\bson-record-codec-4.6.1.jar;C:\Users\UG50TS\.m2\repository\org\springframework\data\spring-data-mongodb\3.4.10\spring-data-mongodb-3.4.10.jar;C:\Users\UG50TS\.m2\repository\org\springframework\spring-expression\5.3.26\spring-expression-5.3.26.jar;C:\Users\UG50TS\.m2\repository\org\springframework\data\spring-data-commons\2.7.10\spring-data-commons-2.7.10.jar;C:\Users\UG50TS\.m2\repository\org\springframework\boot\spring-boot-starter-security\2.7.10\spring-boot-starter-security-2.7.10.jar;C:\Users\UG50TS\.m2\repository\org\springframework\spring-aop\5.3.26\spring-aop-5.3.26.jar;C:\Users\UG50TS\.m2\repository\org\springframework\security\spring-security-config\5.7.7\spring-security-config-5.7.7.jar;C:\Users\UG50TS\.m2\repository\org\springframework\security\spring-security-web\5.7.7\spring-security-web-5.7.7.jar;C:\Users\UG50TS\.m2\repository\org\springframework\boot\spring-boot-starter-web\2.7.10\spring-boot-starter-web-2.7.10.jar;C:\Users\UG50TS\.m2\repository\org\springframework\boot\spring-boot-starter-json\2.7.10\spring-boot-starter-json-2.7.10.jar;C:\Users\UG50TS\.m2\repository\com\fasterxml\jackson\datatype\jackson-datatype-jdk8\2.13.5\jackson-datatype-jdk8-2.13.5.jar;C:\Users\UG50TS\.m2\repository\com\fasterxml\jackson\datatype\jackson-datatype-jsr310\2.13.5\jackson-datatype-jsr310-2.13.5.jar;C:\Users\UG50TS\.m2\repository\com\fasterxml\jackson\module\jackson-module-parameter-names\2.13.5\jackson-module-parameter-names-2.13.5.jar;C:\Users\UG50TS\.m2\repository\org\springframework\boot\spring-boot-starter-tomcat\2.7.10\spring-boot-starter-tomcat-2.7.10.jar;C:\Users\UG50TS\.m2\repository\org\apache\tomcat\embed\tomcat-embed-core\9.0.73\tomcat-embed-core-9.0.73.jar;C:\Users\UG50TS\.m2\repository\org\apache\tomcat\embed\tomcat-embed-websocket\9.0.73\tomcat-embed-websocket-9.0.73.jar;C:\Users\UG50TS\.m2\repository\org\springframework\spring-web\5.3.26\spring-web-5.3.26.jar;C:\Users\UG50TS\.m2\repository\org\springframework\spring-webmvc\5.3.26\spring-webmvc-5.3.26.jar;C:\Users\UG50TS\.m2\repository\io\jsonwebtoken\jjwt\0.9.1\jjwt-0.9.1.jar;C:\Users\UG50TS\.m2\repository\com\fasterxml\jackson\core\jackson-databind\2.13.5\jackson-databind-2.13.5.jar;C:\Users\UG50TS\.m2\repository\com\fasterxml\jackson\core\jackson-core\2.13.5\jackson-core-2.13.5.jar;C:\Users\UG50TS\.m2\repository\org\springframework\boot\spring-boot-starter-validation\2.7.10\spring-boot-starter-validation-2.7.10.jar;C:\Users\UG50TS\.m2\repository\org\apache\tomcat\embed\tomcat-embed-el\9.0.73\tomcat-embed-el-9.0.73.jar;C:\Users\UG50TS\.m2\repository\org\hibernate\validator\hibernate-validator\6.2.5.Final\hibernate-validator-6.2.5.Final.jar;C:\Users\UG50TS\.m2\repository\jakarta\validation\jakarta.validation-api\2.0.2\jakarta.validation-api-2.0.2.jar;C:\Users\UG50TS\.m2\repository\org\jboss\logging\jboss-logging\3.4.3.Final\jboss-logging-3.4.3.Final.jar;C:\Users\UG50TS\.m2\repository\jakarta\xml\bind\jakarta.xml.bind-api\2.3.2\jakarta.xml.bind-api-2.3.2.jar;C:\Users\UG50TS\.m2\repository\jakarta\activation\jakarta.activation-api\1.2.2\jakarta.activation-api-1.2.2.jar;C:\Users\UG50TS\.m2\repository\org\springdoc\springdoc-openapi-ui\1.6.13\springdoc-openapi-ui-1.6.13.jar;C:\Users\UG50TS\.m2\repository\org\springdoc\springdoc-openapi-webmvc-core\1.6.13\springdoc-openapi-webmvc-core-1.6.13.jar;C:\Users\UG50TS\.m2\repository\org\springdoc\springdoc-openapi-common\1.6.13\springdoc-openapi-common-1.6.13.jar;C:\Users\UG50TS\.m2\repository\io\swagger\core\v3\swagger-core\2.2.7\swagger-core-2.2.7.jar;C:\Users\UG50TS\.m2\repository\org\apache\commons\commons-lang3\3.12.0\commons-lang3-3.12.0.jar;C:\Users\UG50TS\.m2\repository\com\fasterxml\jackson\dataformat\jackson-dataformat-yaml\2.13.5\jackson-dataformat-yaml-2.13.5.jar;C:\Users\UG50TS\.m2\repository\io\swagger\core\v3\swagger-annotations\2.2.7\swagger-annotations-2.2.7.jar;C:\Users\UG50TS\.m2\repository\io\swagger\core\v3\swagger-models\2.2.7\swagger-models-2.2.7.jar;C:\Users\UG50TS\.m2\repository\org\webjars\swagger-ui\4.15.5\swagger-ui-4.15.5.jar;C:\Users\UG50TS\.m2\repository\org\webjars\webjars-locator-core\0.50\webjars-locator-core-0.50.jar;C:\Users\UG50TS\.m2\repository\io\github\classgraph\classgraph\4.8.149\classgraph-4.8.149.jar;C:\Users\UG50TS\.m2\repository\org\springframework\boot\spring-boot-starter-actuator\2.7.10\spring-boot-starter-actuator-2.7.10.jar;C:\Users\UG50TS\.m2\repository\org\springframework\boot\spring-boot-actuator-autoconfigure\2.7.10\spring-boot-actuator-autoconfigure-2.7.10.jar;C:\Users\UG50TS\.m2\repository\org\springframework\boot\spring-boot-actuator\2.7.10\spring-boot-actuator-2.7.10.jar;C:\Users\UG50TS\.m2\repository\io\micrometer\micrometer-core\1.9.9\micrometer-core-1.9.9.jar;C:\Users\UG50TS\.m2\repository\org\hdrhistogram\HdrHistogram\2.1.12\HdrHistogram-2.1.12.jar;C:\Users\UG50TS\.m2\repository\org\latencyutils\LatencyUtils\2.0.3\LatencyUtils-2.0.3.jar;C:\Users\UG50TS\.m2\repository\org\springframework\kafka\spring-kafka\2.8.11\spring-kafka-2.8.11.jar;C:\Users\UG50TS\.m2\repository\org\springframework\spring-context\5.3.26\spring-context-5.3.26.jar;C:\Users\UG50TS\.m2\repository\org\springframework\spring-messaging\5.3.26\spring-messaging-5.3.26.jar;C:\Users\UG50TS\.m2\repository\org\springframework\spring-tx\5.3.26\spring-tx-5.3.26.jar;C:\Users\UG50TS\.m2\repository\org\springframework\retry\spring-retry\1.3.4\spring-retry-1.3.4.jar;C:\Users\UG50TS\.m2\repository\org\apache\kafka\kafka-clients\3.1.2\kafka-clients-3.1.2.jar;C:\Users\UG50TS\.m2\repository\com\github\luben\zstd-jni\1.5.0-4\zstd-jni-1.5.0-4.jar;C:\Users\UG50TS\.m2\repository\org\lz4\lz4-java\1.8.0\lz4-java-1.8.0.jar;C:\Users\UG50TS\.m2\repository\org\xerial\snappy\snappy-java\1.1.8.4\snappy-java-1.1.8.4.jar;C:\Users\UG50TS\.m2\repository\com\google\code\findbugs\jsr305\3.0.2\jsr305-3.0.2.jar;C:\Users\UG50TS\.m2\repository\org\springframework\kafka\spring-kafka-test\2.8.11\spring-kafka-test-2.8.11.jar;C:\Users\UG50TS\.m2\repository\org\springframework\spring-test\5.3.26\spring-test-5.3.26.jar;C:\Users\UG50TS\.m2\repository\org\apache\zookeeper\zookeeper\3.6.3\zookeeper-3.6.3.jar;C:\Users\UG50TS\.m2\repository\org\apache\zookeeper\zookeeper-jute\3.6.3\zookeeper-jute-3.6.3.jar;C:\Users\UG50TS\.m2\repository\org\apache\yetus\audience-annotations\0.5.0\audience-annotations-0.5.0.jar;C:\Users\UG50TS\.m2\repository\io\netty\netty-handler\4.1.90.Final\netty-handler-4.1.90.Final.jar;C:\Users\UG50TS\.m2\repository\io\netty\netty-common\4.1.90.Final\netty-common-4.1.90.Final.jar;C:\Users\UG50TS\.m2\repository\io\netty\netty-resolver\4.1.90.Final\netty-resolver-4.1.90.Final.jar;C:\Users\UG50TS\.m2\repository\io\netty\netty-buffer\4.1.90.Final\netty-buffer-4.1.90.Final.jar;C:\Users\UG50TS\.m2\repository\io\netty\netty-transport\4.1.90.Final\netty-transport-4.1.90.Final.jar;C:\Users\UG50TS\.m2\repository\io\netty\netty-transport-native-unix-common\4.1.90.Final\netty-transport-native-unix-common-4.1.90.Final.jar;C:\Users\UG50TS\.m2\repository\io\netty\netty-codec\4.1.90.Final\netty-codec-4.1.90.Final.jar;C:\Users\UG50TS\.m2\repository\io\netty\netty-transport-native-epoll\4.1.90.Final\netty-transport-native-epoll-4.1.90.Final.jar;C:\Users\UG50TS\.m2\repository\io\netty\netty-transport-classes-epoll\4.1.90.Final\netty-transport-classes-epoll-4.1.90.Final.jar;C:\Users\UG50TS\.m2\repository\org\apache\kafka\kafka-clients\3.1.2\kafka-clients-3.1.2-test.jar;C:\Users\UG50TS\.m2\repository\org\apache\kafka\kafka-metadata\3.1.2\kafka-metadata-3.1.2.jar;C:\Users\UG50TS\.m2\repository\org\apache\kafka\kafka-server-common\3.1.2\kafka-server-common-3.1.2.jar;C:\Users\UG50TS\.m2\repository\org\apache\kafka\kafka-raft\3.1.2\kafka-raft-3.1.2.jar;C:\Users\UG50TS\.m2\repository\com\yammer\metrics\metrics-core\2.2.0\metrics-core-2.2.0.jar;C:\Users\UG50TS\.m2\repository\org\apache\kafka\kafka-streams-test-utils\3.1.2\kafka-streams-test-utils-3.1.2.jar;C:\Users\UG50TS\.m2\repository\org\apache\kafka\kafka-streams\3.1.2\kafka-streams-3.1.2.jar;C:\Users\UG50TS\.m2\repository\org\rocksdb\rocksdbjni\6.22.1.1\rocksdbjni-6.22.1.1.jar;C:\Users\UG50TS\.m2\repository\org\apache\kafka\kafka_2.13\3.1.2\kafka_2.13-3.1.2.jar;C:\Users\UG50TS\.m2\repository\org\scala-lang\scala-library\2.13.6\scala-library-2.13.6.jar;C:\Users\UG50TS\.m2\repository\org\apache\kafka\kafka-storage\3.1.2\kafka-storage-3.1.2.jar;C:\Users\UG50TS\.m2\repository\org\apache\kafka\kafka-storage-api\3.1.2\kafka-storage-api-3.1.2.jar;C:\Users\UG50TS\.m2\repository\net\sourceforge\argparse4j\argparse4j\0.7.0\argparse4j-0.7.0.jar;C:\Users\UG50TS\.m2\repository\com\fasterxml\jackson\module\jackson-module-scala_2.13\2.13.5\jackson-module-scala_2.13-2.13.5.jar;C:\Users\UG50TS\.m2\repository\com\thoughtworks\paranamer\paranamer\2.8\paranamer-2.8.jar;C:\Users\UG50TS\.m2\repository\com\fasterxml\jackson\dataformat\jackson-dataformat-csv\2.13.5\jackson-dataformat-csv-2.13.5.jar;C:\Users\UG50TS\.m2\repository\net\sf\jopt-simple\jopt-simple\5.0.4\jopt-simple-5.0.4.jar;C:\Users\UG50TS\.m2\repository\org\bitbucket\b_c\jose4j\0.7.8\jose4j-0.7.8.jar;C:\Users\UG50TS\.m2\repository\org\scala-lang\modules\scala-collection-compat_2.13\2.4.4\scala-collection-compat_2.13-2.4.4.jar;C:\Users\UG50TS\.m2\repository\org\scala-lang\modules\scala-java8-compat_2.13\1.0.0\scala-java8-compat_2.13-1.0.0.jar;C:\Users\UG50TS\.m2\repository\org\scala-lang\scala-reflect\2.13.6\scala-reflect-2.13.6.jar;C:\Users\UG50TS\.m2\repository\com\typesafe\scala-logging\scala-logging_2.13\3.9.3\scala-logging_2.13-3.9.3.jar;C:\Users\UG50TS\.m2\repository\io\dropwizard\metrics\metrics-core\4.2.18\metrics-core-4.2.18.jar;C:\Users\UG50TS\.m2\repository\commons-cli\commons-cli\1.4\commons-cli-1.4.jar;C:\Users\UG50TS\.m2\repository\org\apache\kafka\kafka_2.13\3.1.2\kafka_2.13-3.1.2-test.jar;C:\Users\UG50TS\.m2\repository\org\junit\jupiter\junit-jupiter-api\5.8.2\junit-jupiter-api-5.8.2.jar;C:\Users\UG50TS\.m2\repository\org\opentest4j\opentest4j\1.2.0\opentest4j-1.2.0.jar;C:\Users\UG50TS\.m2\repository\org\junit\platform\junit-platform-commons\1.8.2\junit-platform-commons-1.8.2.jar;C:\Users\UG50TS\.m2\repository\org\apiguardian\apiguardian-api\1.1.2\apiguardian-api-1.1.2.jar;C:\Users\UG50TS\.m2\repository\org\springframework\boot\spring-boot-devtools\2.7.10\spring-boot-devtools-2.7.10.jar;C:\Users\UG50TS\.m2\repository\org\springframework\boot\spring-boot\2.7.10\spring-boot-2.7.10.jar;C:\Users\UG50TS\.m2\repository\org\springframework\boot\spring-boot-autoconfigure\2.7.10\spring-boot-autoconfigure-2.7.10.jar;C:\Users\UG50TS\.m2\repository\org\projectlombok\lombok\1.18.26\lombok-1.18.26.jar;C:\Users\UG50TS\.m2\repository\org\springframework\boot\spring-boot-starter-test\2.7.10\spring-boot-starter-test-2.7.10.jar;C:\Users\UG50TS\.m2\repository\org\springframework\boot\spring-boot-test\2.7.10\spring-boot-test-2.7.10.jar;C:\Users\UG50TS\.m2\repository\org\springframework\boot\spring-boot-test-autoconfigure\2.7.10\spring-boot-test-autoconfigure-2.7.10.jar;C:\Users\UG50TS\.m2\repository\com\jayway\jsonpath\json-path\2.7.0\json-path-2.7.0.jar;C:\Users\UG50TS\.m2\repository\net\minidev\json-smart\2.4.10\json-smart-2.4.10.jar;C:\Users\UG50TS\.m2\repository\net\minidev\accessors-smart\2.4.9\accessors-smart-2.4.9.jar;C:\Users\UG50TS\.m2\repository\org\ow2\asm\asm\9.3\asm-9.3.jar;C:\Users\UG50TS\.m2\repository\org\assertj\assertj-core\3.22.0\assertj-core-3.22.0.jar;C:\Users\UG50TS\.m2\repository\org\hamcrest\hamcrest\2.2\hamcrest-2.2.jar;C:\Users\UG50TS\.m2\repository\org\junit\jupiter\junit-jupiter\5.8.2\junit-jupiter-5.8.2.jar;C:\Users\UG50TS\.m2\repository\org\junit\jupiter\junit-jupiter-params\5.8.2\junit-jupiter-params-5.8.2.jar;C:\Users\UG50TS\.m2\repository\org\junit\jupiter\junit-jupiter-engine\5.8.2\junit-jupiter-engine-5.8.2.jar;C:\Users\UG50TS\.m2\repository\org\junit\platform\junit-platform-engine\1.8.2\junit-platform-engine-1.8.2.jar;C:\Users\UG50TS\.m2\repository\org\mockito\mockito-core\4.5.1\mockito-core-4.5.1.jar;C:\Users\UG50TS\.m2\repository\net\bytebuddy\byte-buddy\1.12.23\byte-buddy-1.12.23.jar;C:\Users\UG50TS\.m2\repository\net\bytebuddy\byte-buddy-agent\1.12.23\byte-buddy-agent-1.12.23.jar;C:\Users\UG50TS\.m2\repository\org\objenesis\objenesis\3.2\objenesis-3.2.jar;C:\Users\UG50TS\.m2\repository\org\mockito\mockito-junit-jupiter\4.5.1\mockito-junit-jupiter-4.5.1.jar;C:\Users\UG50TS\.m2\repository\org\skyscreamer\jsonassert\1.5.1\jsonassert-1.5.1.jar;C:\Users\UG50TS\.m2\repository\com\vaadin\external\google\android-json\0.0.20131108.vaadin1\android-json-0.0.20131108.vaadin1.jar;C:\Users\UG50TS\.m2\repository\org\springframework\spring-core\5.3.26\spring-core-5.3.26.jar;C:\Users\UG50TS\.m2\repository\org\springframework\spring-jcl\5.3.26\spring-jcl-5.3.26.jar;C:\Users\UG50TS\.m2\repository\org\xmlunit\xmlunit-core\2.9.1\xmlunit-core-2.9.1.jar;C:\Users\UG50TS\.m2\repository\org\springframework\security\spring-security-test\5.7.7\spring-security-test-5.7.7.jar;C:\Users\UG50TS\.m2\repository\org\springframework\security\spring-security-core\5.7.7\spring-security-core-5.7.7.jar;C:\Users\UG50TS\.m2\repository\org\springframework\security\spring-security-crypto\5.7.7\spring-security-crypto-5.7.7.jar;C:\Users\UG50TS\.m2\repository\junit\junit\4.13.2\junit-4.13.2.jar;C:\Users\UG50TS\.m2\repository\org\hamcrest\hamcrest-core\2.2\hamcrest-core-2.2.jar;"/>
    <property name="java.vm.vendor" value="Eclipse OpenJ9"/>
    <property name="sun.arch.data.model" value="64"/>
    <property name="com.ibm.vm.bitmode" value="64"/>
    <property name="user.variant" value=""/>
    <property name="com.ibm.oti.vm.library.version" value="29"/>
    <property name="java.vendor.url" value="https://www.ibm.com/semeru-runtimes"/>
    <property name="user.timezone" value="Asia/Calcutta"/>
    <property name="java.vm.specification.version" value="11"/>
    <property name="os.name" value="Windows 10"/>
    <property name="sun.java.launcher" value="SUN_STANDARD"/>
    <property name="user.country" value="IN"/>
    <property name="sun.boot.library.path" value="C:\Users\UG50TS\.jdks\semeru-11.0.16\bin\default;C:\Users\UG50TS\.jdks\semeru-11.0.16\bin"/>
    <property name="sun.java.command" value="C:\Users\UG50TS\AppData\Local\Temp\surefire11479783569357433942\surefirebooter9840814069065956424.jar C:\Users\UG50TS\AppData\Local\Temp\surefire11479783569357433942 2023-07-20T15-28-25_726-jvmRun1 surefire10079559952984804507tmp surefire_018204752259426216550tmp"/>
    <property name="surefire.test.class.path" value="C:\Users\UG50TS\Downloads\Movie-Booking-App-main\movieapp\target\test-classes;C:\Users\UG50TS\Downloads\Movie-Booking-App-main\movieapp\target\classes;C:\Users\UG50TS\.m2\repository\io\springfox\springfox-swagger2\2.9.2\springfox-swagger2-2.9.2.jar;C:\Users\UG50TS\.m2\repository\io\swagger\swagger-annotations\1.5.20\swagger-annotations-1.5.20.jar;C:\Users\UG50TS\.m2\repository\io\swagger\swagger-models\1.5.20\swagger-models-1.5.20.jar;C:\Users\UG50TS\.m2\repository\com\fasterxml\jackson\core\jackson-annotations\2.13.5\jackson-annotations-2.13.5.jar;C:\Users\UG50TS\.m2\repository\io\springfox\springfox-spi\2.9.2\springfox-spi-2.9.2.jar;C:\Users\UG50TS\.m2\repository\io\springfox\springfox-core\2.9.2\springfox-core-2.9.2.jar;C:\Users\UG50TS\.m2\repository\io\springfox\springfox-schema\2.9.2\springfox-schema-2.9.2.jar;C:\Users\UG50TS\.m2\repository\io\springfox\springfox-swagger-common\2.9.2\springfox-swagger-common-2.9.2.jar;C:\Users\UG50TS\.m2\repository\io\springfox\springfox-spring-web\2.9.2\springfox-spring-web-2.9.2.jar;C:\Users\UG50TS\.m2\repository\com\google\guava\guava\20.0\guava-20.0.jar;C:\Users\UG50TS\.m2\repository\com\fasterxml\classmate\1.5.1\classmate-1.5.1.jar;C:\Users\UG50TS\.m2\repository\org\slf4j\slf4j-api\1.7.36\slf4j-api-1.7.36.jar;C:\Users\UG50TS\.m2\repository\org\springframework\plugin\spring-plugin-core\1.2.0.RELEASE\spring-plugin-core-1.2.0.RELEASE.jar;C:\Users\UG50TS\.m2\repository\org\springframework\spring-beans\5.3.26\spring-beans-5.3.26.jar;C:\Users\UG50TS\.m2\repository\org\springframework\plugin\spring-plugin-metadata\1.2.0.RELEASE\spring-plugin-metadata-1.2.0.RELEASE.jar;C:\Users\UG50TS\.m2\repository\org\mapstruct\mapstruct\1.2.0.Final\mapstruct-1.2.0.Final.jar;C:\Users\UG50TS\.m2\repository\io\springfox\springfox-swagger-ui\2.9.2\springfox-swagger-ui-2.9.2.jar;C:\Users\UG50TS\.m2\repository\org\springframework\boot\spring-boot-starter-data-mongodb\2.7.10\spring-boot-starter-data-mongodb-2.7.10.jar;C:\Users\UG50TS\.m2\repository\org\springframework\boot\spring-boot-starter\2.7.10\spring-boot-starter-2.7.10.jar;C:\Users\UG50TS\.m2\repository\org\springframework\boot\spring-boot-starter-logging\2.7.10\spring-boot-starter-logging-2.7.10.jar;C:\Users\UG50TS\.m2\repository\ch\qos\logback\logback-classic\1.2.11\logback-classic-1.2.11.jar;C:\Users\UG50TS\.m2\repository\ch\qos\logback\logback-core\1.2.11\logback-core-1.2.11.jar;C:\Users\UG50TS\.m2\repository\org\apache\logging\log4j\log4j-to-slf4j\2.17.2\log4j-to-slf4j-2.17.2.jar;C:\Users\UG50TS\.m2\repository\org\apache\logging\log4j\log4j-api\2.17.2\log4j-api-2.17.2.jar;C:\Users\UG50TS\.m2\repository\org\slf4j\jul-to-slf4j\1.7.36\jul-to-slf4j-1.7.36.jar;C:\Users\UG50TS\.m2\repository\jakarta\annotation\jakarta.annotation-api\1.3.5\jakarta.annotation-api-1.3.5.jar;C:\Users\UG50TS\.m2\repository\org\yaml\snakeyaml\1.30\snakeyaml-1.30.jar;C:\Users\UG50TS\.m2\repository\org\mongodb\mongodb-driver-sync\4.6.1\mongodb-driver-sync-4.6.1.jar;C:\Users\UG50TS\.m2\repository\org\mongodb\bson\4.6.1\bson-4.6.1.jar;C:\Users\UG50TS\.m2\repository\org\mongodb\mongodb-driver-core\4.6.1\mongodb-driver-core-4.6.1.jar;C:\Users\UG50TS\.m2\repository\org\mongodb\bson-record-codec\4.6.1\bson-record-codec-4.6.1.jar;C:\Users\UG50TS\.m2\repository\org\springframework\data\spring-data-mongodb\3.4.10\spring-data-mongodb-3.4.10.jar;C:\Users\UG50TS\.m2\repository\org\springframework\spring-expression\5.3.26\spring-expression-5.3.26.jar;C:\Users\UG50TS\.m2\repository\org\springframework\data\spring-data-commons\2.7.10\spring-data-commons-2.7.10.jar;C:\Users\UG50TS\.m2\repository\org\springframework\boot\spring-boot-starter-security\2.7.10\spring-boot-starter-security-2.7.10.jar;C:\Users\UG50TS\.m2\repository\org\springframework\spring-aop\5.3.26\spring-aop-5.3.26.jar;C:\Users\UG50TS\.m2\repository\org\springframework\security\spring-security-config\5.7.7\spring-security-config-5.7.7.jar;C:\Users\UG50TS\.m2\repository\org\springframework\security\spring-security-web\5.7.7\spring-security-web-5.7.7.jar;C:\Users\UG50TS\.m2\repository\org\springframework\boot\spring-boot-starter-web\2.7.10\spring-boot-starter-web-2.7.10.jar;C:\Users\UG50TS\.m2\repository\org\springframework\boot\spring-boot-starter-json\2.7.10\spring-boot-starter-json-2.7.10.jar;C:\Users\UG50TS\.m2\repository\com\fasterxml\jackson\datatype\jackson-datatype-jdk8\2.13.5\jackson-datatype-jdk8-2.13.5.jar;C:\Users\UG50TS\.m2\repository\com\fasterxml\jackson\datatype\jackson-datatype-jsr310\2.13.5\jackson-datatype-jsr310-2.13.5.jar;C:\Users\UG50TS\.m2\repository\com\fasterxml\jackson\module\jackson-module-parameter-names\2.13.5\jackson-module-parameter-names-2.13.5.jar;C:\Users\UG50TS\.m2\repository\org\springframework\boot\spring-boot-starter-tomcat\2.7.10\spring-boot-starter-tomcat-2.7.10.jar;C:\Users\UG50TS\.m2\repository\org\apache\tomcat\embed\tomcat-embed-core\9.0.73\tomcat-embed-core-9.0.73.jar;C:\Users\UG50TS\.m2\repository\org\apache\tomcat\embed\tomcat-embed-websocket\9.0.73\tomcat-embed-websocket-9.0.73.jar;C:\Users\UG50TS\.m2\repository\org\springframework\spring-web\5.3.26\spring-web-5.3.26.jar;C:\Users\UG50TS\.m2\repository\org\springframework\spring-webmvc\5.3.26\spring-webmvc-5.3.26.jar;C:\Users\UG50TS\.m2\repository\io\jsonwebtoken\jjwt\0.9.1\jjwt-0.9.1.jar;C:\Users\UG50TS\.m2\repository\com\fasterxml\jackson\core\jackson-databind\2.13.5\jackson-databind-2.13.5.jar;C:\Users\UG50TS\.m2\repository\com\fasterxml\jackson\core\jackson-core\2.13.5\jackson-core-2.13.5.jar;C:\Users\UG50TS\.m2\repository\org\springframework\boot\spring-boot-starter-validation\2.7.10\spring-boot-starter-validation-2.7.10.jar;C:\Users\UG50TS\.m2\repository\org\apache\tomcat\embed\tomcat-embed-el\9.0.73\tomcat-embed-el-9.0.73.jar;C:\Users\UG50TS\.m2\repository\org\hibernate\validator\hibernate-validator\6.2.5.Final\hibernate-validator-6.2.5.Final.jar;C:\Users\UG50TS\.m2\repository\jakarta\validation\jakarta.validation-api\2.0.2\jakarta.validation-api-2.0.2.jar;C:\Users\UG50TS\.m2\repository\org\jboss\logging\jboss-logging\3.4.3.Final\jboss-logging-3.4.3.Final.jar;C:\Users\UG50TS\.m2\repository\jakarta\xml\bind\jakarta.xml.bind-api\2.3.2\jakarta.xml.bind-api-2.3.2.jar;C:\Users\UG50TS\.m2\repository\jakarta\activation\jakarta.activation-api\1.2.2\jakarta.activation-api-1.2.2.jar;C:\Users\UG50TS\.m2\repository\org\springdoc\springdoc-openapi-ui\1.6.13\springdoc-openapi-ui-1.6.13.jar;C:\Users\UG50TS\.m2\repository\org\springdoc\springdoc-openapi-webmvc-core\1.6.13\springdoc-openapi-webmvc-core-1.6.13.jar;C:\Users\UG50TS\.m2\repository\org\springdoc\springdoc-openapi-common\1.6.13\springdoc-openapi-common-1.6.13.jar;C:\Users\UG50TS\.m2\repository\io\swagger\core\v3\swagger-core\2.2.7\swagger-core-2.2.7.jar;C:\Users\UG50TS\.m2\repository\org\apache\commons\commons-lang3\3.12.0\commons-lang3-3.12.0.jar;C:\Users\UG50TS\.m2\repository\com\fasterxml\jackson\dataformat\jackson-dataformat-yaml\2.13.5\jackson-dataformat-yaml-2.13.5.jar;C:\Users\UG50TS\.m2\repository\io\swagger\core\v3\swagger-annotations\2.2.7\swagger-annotations-2.2.7.jar;C:\Users\UG50TS\.m2\repository\io\swagger\core\v3\swagger-models\2.2.7\swagger-models-2.2.7.jar;C:\Users\UG50TS\.m2\repository\org\webjars\swagger-ui\4.15.5\swagger-ui-4.15.5.jar;C:\Users\UG50TS\.m2\repository\org\webjars\webjars-locator-core\0.50\webjars-locator-core-0.50.jar;C:\Users\UG50TS\.m2\repository\io\github\classgraph\classgraph\4.8.149\classgraph-4.8.149.jar;C:\Users\UG50TS\.m2\repository\org\springframework\boot\spring-boot-starter-actuator\2.7.10\spring-boot-starter-actuator-2.7.10.jar;C:\Users\UG50TS\.m2\repository\org\springframework\boot\spring-boot-actuator-autoconfigure\2.7.10\spring-boot-actuator-autoconfigure-2.7.10.jar;C:\Users\UG50TS\.m2\repository\org\springframework\boot\spring-boot-actuator\2.7.10\spring-boot-actuator-2.7.10.jar;C:\Users\UG50TS\.m2\repository\io\micrometer\micrometer-core\1.9.9\micrometer-core-1.9.9.jar;C:\Users\UG50TS\.m2\repository\org\hdrhistogram\HdrHistogram\2.1.12\HdrHistogram-2.1.12.jar;C:\Users\UG50TS\.m2\repository\org\latencyutils\LatencyUtils\2.0.3\LatencyUtils-2.0.3.jar;C:\Users\UG50TS\.m2\repository\org\springframework\kafka\spring-kafka\2.8.11\spring-kafka-2.8.11.jar;C:\Users\UG50TS\.m2\repository\org\springframework\spring-context\5.3.26\spring-context-5.3.26.jar;C:\Users\UG50TS\.m2\repository\org\springframework\spring-messaging\5.3.26\spring-messaging-5.3.26.jar;C:\Users\UG50TS\.m2\repository\org\springframework\spring-tx\5.3.26\spring-tx-5.3.26.jar;C:\Users\UG50TS\.m2\repository\org\springframework\retry\spring-retry\1.3.4\spring-retry-1.3.4.jar;C:\Users\UG50TS\.m2\repository\org\apache\kafka\kafka-clients\3.1.2\kafka-clients-3.1.2.jar;C:\Users\UG50TS\.m2\repository\com\github\luben\zstd-jni\1.5.0-4\zstd-jni-1.5.0-4.jar;C:\Users\UG50TS\.m2\repository\org\lz4\lz4-java\1.8.0\lz4-java-1.8.0.jar;C:\Users\UG50TS\.m2\repository\org\xerial\snappy\snappy-java\1.1.8.4\snappy-java-1.1.8.4.jar;C:\Users\UG50TS\.m2\repository\com\google\code\findbugs\jsr305\3.0.2\jsr305-3.0.2.jar;C:\Users\UG50TS\.m2\repository\org\springframework\kafka\spring-kafka-test\2.8.11\spring-kafka-test-2.8.11.jar;C:\Users\UG50TS\.m2\repository\org\springframework\spring-test\5.3.26\spring-test-5.3.26.jar;C:\Users\UG50TS\.m2\repository\org\apache\zookeeper\zookeeper\3.6.3\zookeeper-3.6.3.jar;C:\Users\UG50TS\.m2\repository\org\apache\zookeeper\zookeeper-jute\3.6.3\zookeeper-jute-3.6.3.jar;C:\Users\UG50TS\.m2\repository\org\apache\yetus\audience-annotations\0.5.0\audience-annotations-0.5.0.jar;C:\Users\UG50TS\.m2\repository\io\netty\netty-handler\4.1.90.Final\netty-handler-4.1.90.Final.jar;C:\Users\UG50TS\.m2\repository\io\netty\netty-common\4.1.90.Final\netty-common-4.1.90.Final.jar;C:\Users\UG50TS\.m2\repository\io\netty\netty-resolver\4.1.90.Final\netty-resolver-4.1.90.Final.jar;C:\Users\UG50TS\.m2\repository\io\netty\netty-buffer\4.1.90.Final\netty-buffer-4.1.90.Final.jar;C:\Users\UG50TS\.m2\repository\io\netty\netty-transport\4.1.90.Final\netty-transport-4.1.90.Final.jar;C:\Users\UG50TS\.m2\repository\io\netty\netty-transport-native-unix-common\4.1.90.Final\netty-transport-native-unix-common-4.1.90.Final.jar;C:\Users\UG50TS\.m2\repository\io\netty\netty-codec\4.1.90.Final\netty-codec-4.1.90.Final.jar;C:\Users\UG50TS\.m2\repository\io\netty\netty-transport-native-epoll\4.1.90.Final\netty-transport-native-epoll-4.1.90.Final.jar;C:\Users\UG50TS\.m2\repository\io\netty\netty-transport-classes-epoll\4.1.90.Final\netty-transport-classes-epoll-4.1.90.Final.jar;C:\Users\UG50TS\.m2\repository\org\apache\kafka\kafka-clients\3.1.2\kafka-clients-3.1.2-test.jar;C:\Users\UG50TS\.m2\repository\org\apache\kafka\kafka-metadata\3.1.2\kafka-metadata-3.1.2.jar;C:\Users\UG50TS\.m2\repository\org\apache\kafka\kafka-server-common\3.1.2\kafka-server-common-3.1.2.jar;C:\Users\UG50TS\.m2\repository\org\apache\kafka\kafka-raft\3.1.2\kafka-raft-3.1.2.jar;C:\Users\UG50TS\.m2\repository\com\yammer\metrics\metrics-core\2.2.0\metrics-core-2.2.0.jar;C:\Users\UG50TS\.m2\repository\org\apache\kafka\kafka-streams-test-utils\3.1.2\kafka-streams-test-utils-3.1.2.jar;C:\Users\UG50TS\.m2\repository\org\apache\kafka\kafka-streams\3.1.2\kafka-streams-3.1.2.jar;C:\Users\UG50TS\.m2\repository\org\rocksdb\rocksdbjni\6.22.1.1\rocksdbjni-6.22.1.1.jar;C:\Users\UG50TS\.m2\repository\org\apache\kafka\kafka_2.13\3.1.2\kafka_2.13-3.1.2.jar;C:\Users\UG50TS\.m2\repository\org\scala-lang\scala-library\2.13.6\scala-library-2.13.6.jar;C:\Users\UG50TS\.m2\repository\org\apache\kafka\kafka-storage\3.1.2\kafka-storage-3.1.2.jar;C:\Users\UG50TS\.m2\repository\org\apache\kafka\kafka-storage-api\3.1.2\kafka-storage-api-3.1.2.jar;C:\Users\UG50TS\.m2\repository\net\sourceforge\argparse4j\argparse4j\0.7.0\argparse4j-0.7.0.jar;C:\Users\UG50TS\.m2\repository\com\fasterxml\jackson\module\jackson-module-scala_2.13\2.13.5\jackson-module-scala_2.13-2.13.5.jar;C:\Users\UG50TS\.m2\repository\com\thoughtworks\paranamer\paranamer\2.8\paranamer-2.8.jar;C:\Users\UG50TS\.m2\repository\com\fasterxml\jackson\dataformat\jackson-dataformat-csv\2.13.5\jackson-dataformat-csv-2.13.5.jar;C:\Users\UG50TS\.m2\repository\net\sf\jopt-simple\jopt-simple\5.0.4\jopt-simple-5.0.4.jar;C:\Users\UG50TS\.m2\repository\org\bitbucket\b_c\jose4j\0.7.8\jose4j-0.7.8.jar;C:\Users\UG50TS\.m2\repository\org\scala-lang\modules\scala-collection-compat_2.13\2.4.4\scala-collection-compat_2.13-2.4.4.jar;C:\Users\UG50TS\.m2\repository\org\scala-lang\modules\scala-java8-compat_2.13\1.0.0\scala-java8-compat_2.13-1.0.0.jar;C:\Users\UG50TS\.m2\repository\org\scala-lang\scala-reflect\2.13.6\scala-reflect-2.13.6.jar;C:\Users\UG50TS\.m2\repository\com\typesafe\scala-logging\scala-logging_2.13\3.9.3\scala-logging_2.13-3.9.3.jar;C:\Users\UG50TS\.m2\repository\io\dropwizard\metrics\metrics-core\4.2.18\metrics-core-4.2.18.jar;C:\Users\UG50TS\.m2\repository\commons-cli\commons-cli\1.4\commons-cli-1.4.jar;C:\Users\UG50TS\.m2\repository\org\apache\kafka\kafka_2.13\3.1.2\kafka_2.13-3.1.2-test.jar;C:\Users\UG50TS\.m2\repository\org\junit\jupiter\junit-jupiter-api\5.8.2\junit-jupiter-api-5.8.2.jar;C:\Users\UG50TS\.m2\repository\org\opentest4j\opentest4j\1.2.0\opentest4j-1.2.0.jar;C:\Users\UG50TS\.m2\repository\org\junit\platform\junit-platform-commons\1.8.2\junit-platform-commons-1.8.2.jar;C:\Users\UG50TS\.m2\repository\org\apiguardian\apiguardian-api\1.1.2\apiguardian-api-1.1.2.jar;C:\Users\UG50TS\.m2\repository\org\springframework\boot\spring-boot-devtools\2.7.10\spring-boot-devtools-2.7.10.jar;C:\Users\UG50TS\.m2\repository\org\springframework\boot\spring-boot\2.7.10\spring-boot-2.7.10.jar;C:\Users\UG50TS\.m2\repository\org\springframework\boot\spring-boot-autoconfigure\2.7.10\spring-boot-autoconfigure-2.7.10.jar;C:\Users\UG50TS\.m2\repository\org\projectlombok\lombok\1.18.26\lombok-1.18.26.jar;C:\Users\UG50TS\.m2\repository\org\springframework\boot\spring-boot-starter-test\2.7.10\spring-boot-starter-test-2.7.10.jar;C:\Users\UG50TS\.m2\repository\org\springframework\boot\spring-boot-test\2.7.10\spring-boot-test-2.7.10.jar;C:\Users\UG50TS\.m2\repository\org\springframework\boot\spring-boot-test-autoconfigure\2.7.10\spring-boot-test-autoconfigure-2.7.10.jar;C:\Users\UG50TS\.m2\repository\com\jayway\jsonpath\json-path\2.7.0\json-path-2.7.0.jar;C:\Users\UG50TS\.m2\repository\net\minidev\json-smart\2.4.10\json-smart-2.4.10.jar;C:\Users\UG50TS\.m2\repository\net\minidev\accessors-smart\2.4.9\accessors-smart-2.4.9.jar;C:\Users\UG50TS\.m2\repository\org\ow2\asm\asm\9.3\asm-9.3.jar;C:\Users\UG50TS\.m2\repository\org\assertj\assertj-core\3.22.0\assertj-core-3.22.0.jar;C:\Users\UG50TS\.m2\repository\org\hamcrest\hamcrest\2.2\hamcrest-2.2.jar;C:\Users\UG50TS\.m2\repository\org\junit\jupiter\junit-jupiter\5.8.2\junit-jupiter-5.8.2.jar;C:\Users\UG50TS\.m2\repository\org\junit\jupiter\junit-jupiter-params\5.8.2\junit-jupiter-params-5.8.2.jar;C:\Users\UG50TS\.m2\repository\org\junit\jupiter\junit-jupiter-engine\5.8.2\junit-jupiter-engine-5.8.2.jar;C:\Users\UG50TS\.m2\repository\org\junit\platform\junit-platform-engine\1.8.2\junit-platform-engine-1.8.2.jar;C:\Users\UG50TS\.m2\repository\org\mockito\mockito-core\4.5.1\mockito-core-4.5.1.jar;C:\Users\UG50TS\.m2\repository\net\bytebuddy\byte-buddy\1.12.23\byte-buddy-1.12.23.jar;C:\Users\UG50TS\.m2\repository\net\bytebuddy\byte-buddy-agent\1.12.23\byte-buddy-agent-1.12.23.jar;C:\Users\UG50TS\.m2\repository\org\objenesis\objenesis\3.2\objenesis-3.2.jar;C:\Users\UG50TS\.m2\repository\org\mockito\mockito-junit-jupiter\4.5.1\mockito-junit-jupiter-4.5.1.jar;C:\Users\UG50TS\.m2\repository\org\skyscreamer\jsonassert\1.5.1\jsonassert-1.5.1.jar;C:\Users\UG50TS\.m2\repository\com\vaadin\external\google\android-json\0.0.20131108.vaadin1\android-json-0.0.20131108.vaadin1.jar;C:\Users\UG50TS\.m2\repository\org\springframework\spring-core\5.3.26\spring-core-5.3.26.jar;C:\Users\UG50TS\.m2\repository\org\springframework\spring-jcl\5.3.26\spring-jcl-5.3.26.jar;C:\Users\UG50TS\.m2\repository\org\xmlunit\xmlunit-core\2.9.1\xmlunit-core-2.9.1.jar;C:\Users\UG50TS\.m2\repository\org\springframework\security\spring-security-test\5.7.7\spring-security-test-5.7.7.jar;C:\Users\UG50TS\.m2\repository\org\springframework\security\spring-security-core\5.7.7\spring-security-core-5.7.7.jar;C:\Users\UG50TS\.m2\repository\org\springframework\security\spring-security-crypto\5.7.7\spring-security-crypto-5.7.7.jar;C:\Users\UG50TS\.m2\repository\junit\junit\4.13.2\junit-4.13.2.jar;C:\Users\UG50TS\.m2\repository\org\hamcrest\hamcrest-core\2.2\hamcrest-core-2.2.jar;"/>
    <property name="sun.cpu.endian" value="little"/>
    <property name="user.home" value="C:\Users\UG50TS"/>
    <property name="user.language" value="en"/>
    <property name="java.specification.vendor" value="Oracle Corporation"/>
    <property name="java.version.date" value="2022-07-19"/>
    <property name="java.home" value="C:\Users\UG50TS\.jdks\semeru-11.0.16"/>
    <property name="ibm.signalhandling.rs" value="false"/>
    <property name="jdk.extensions.name" value="Extensions for OpenJDK for Eclipse OpenJ9"/>
    <property name="file.separator" value="\"/>
    <property name="basedir" value="C:\Users\UG50TS\Downloads\Movie-Booking-App-main\movieapp"/>
    <property name="line.separator" value="&#10;"/>
    <property name="java.specification.name" value="Java Platform API Specification"/>
    <property name="java.vm.specification.vendor" value="Oracle Corporation"/>
    <property name="java.compiler" value="j9jit29"/>
    <property name="com.ibm.util.extralibs.properties" value=""/>
    <property name="java.awt.graphicsenv" value="sun.awt.Win32GraphicsEnvironment"/>
    <property name="com.ibm.oti.configuration" value="scar"/>
    <property name="java.awt.fonts" value=""/>
    <property name="surefire.real.class.path" value="C:\Users\UG50TS\AppData\Local\Temp\surefire11479783569357433942\surefirebooter9840814069065956424.jar"/>
    <property name="com.ibm.oti.shared.enabled" value="false"/>
    <property name="com.ibm.oti.vm.bootstrap.library.path" value="C:\Users\UG50TS\.jdks\semeru-11.0.16\bin\default;C:\Users\UG50TS\.jdks\semeru-11.0.16\bin"/>
    <property name="com.ibm.cpu.endian" value="little"/>
    <property name="java.fullversion" value="11.0.16+8&#10;JRE 11 Windows 10 amd64-64-Bit Compressed References 20220720_410 (JIT enabled, AOT enabled)&#10;OpenJ9   - 8cb527940&#10;OMR      - b58aa2708&#10;JCL      - 8b0defbf5f based on jdk-11.0.16+8"/>
    <property name="java.runtime.version" value="11.0.16+8"/>
    <property name="user.name" value="UG50TS"/>
    <property name="path.separator" value=";"/>
    <property name="os.version" value="10.0"/>
    <property name="java.runtime.name" value="IBM Semeru Runtime Open Edition"/>
    <property name="ibm.signalhandling.sigint" value="true"/>
    <property name="file.encoding" value="Cp1252"/>
    <property name="java.vm.name" value="Eclipse OpenJ9 VM"/>
    <property name="java.vendor.version" value="11.0.16.0-rc1"/>
    <property name="ibm.signalhandling.sigchain" value="true"/>
    <property name="localRepository" value="C:\Users\UG50TS\.m2\repository"/>
    <property name="java.vendor.url.bug" value="https://github.com/ibmruntimes/Semeru-Runtimes/issues"/>
    <property name="java.io.tmpdir" value="C:\Users\UG50TS\AppData\Local\Temp\"/>
    <property name="idea.version" value="2023.1.1"/>
    <property name="java.version" value="11.0.16"/>
    <property name="com.ibm.system.agent.path" value="C:\Users\UG50TS\.jdks\semeru-11.0.16\bin"/>
    <property name="user.dir" value="C:\Users\UG50TS\Downloads\Movie-Booking-App-main\movieapp"/>
    <property name="os.arch" value="amd64"/>
    <property name="java.vm.specification.name" value="Java Virtual Machine Specification"/>
    <property name="java.awt.printerjob" value="sun.awt.windows.WPrinterJob"/>
    <property name="os.encoding" value="UTF-8"/>
    <property name="java.library.path" value="C:\Users\UG50TS\.jdks\semeru-11.0.16\bin\default;C:\Users\UG50TS\.jdks\semeru-11.0.16\bin;C:\Windows\system32;C:\Windows;C:\Program Files (x86)\Common Files\Oracle\Java\javapath;C:\Program Files (x86)\Microsoft SDKs\Azure\CLI2\wbin;C:\app\UG50TS\product\21c\dbhomeXE\bin;C:\Python310\Scripts\;C:\Python310\;C:\Windows\system32;C:\Windows;C:\Windows\System32\Wbem;C:\Windows\System32\WindowsPowerShell\v1.0\;C:\Windows\System32\OpenSSH\;C:\Program Files\WindowsPowerShell\Scripts\HP.ClientScriptLibrary;C:\Users\UG50TS\Downloads\apache-maven-3.8.6-bin.tar\apache-maven-3.8.6-bin\apache-maven-3.8.6\bin;C:\Program Files\nodejs\;C:\ProgramData\chocolatey\bin;C:\Program Files\GitHub CLI\;C:\Program Files\MongoDB\Server\6.0\bin;C:\Program Files\Docker\Docker\resources\bin;C:\ProgramData\DockerDesktop\version-bin;C:\Program Files\PuTTY\;C:\Users\UG50TS\Downloads\sonarqube-8.9.9.56886\bin\windows-x86-64;C:\Program Files\Redis\;C:\Users\UG50TS\Downloads\Kafka\bin\windows;C:\Program Files\Amazon\AWSCLIV2\;C:\Program Files;C:\Program Files (x86)\Java\jdk1.8.0_333\bin;C:\Program Files\MySQL\MySQL Shell 8.0\bin\;C:\Users\UG50TS\AppData\Local\Microsoft\WindowsApps;C:\Users\UG50TS\AppData\Local\Programs\Git\cmd;C:\Program Files\JetBrains\IntelliJ IDEA 2022.1.3\bin;;C:\Users\UG50TS\AppData\Roaming\npm;C:\Users\UG50TS\AppData\Local\Programs\Microsoft VS Code\bin;C:\Program Files\MySQL\MySQL Server 8.0\bin;C:\Program Files\MongoDB\Server\4.4\bin;C:\Users\UG50TS\Downloads\flutter_windows_3.0.5-stable\flutter\bin;C:\Program Files\heroku\bin;C:\Users\UG50TS\Downloads\Kafka\bin\windows;C:\Users\UG50TS\Downloads\grafana-enterprise-9.1.5.windows-amd64\grafana-9.1.5\bin;C:\Users\UG50TS\Downloads\logstash-8.4.1-windows-x86_64\logstash-8.4.1\bin;C:\Users\UG50TS\Downloads\prometheus-2.38.0.windows-amd64\;C:\Users\UG50TS\Downloads\kibana-8.4.1-windows-x86_64\kibana-8.4.1\bin;C:\Users\UG50TS\Downloads\elasticsearch-8.4.1-windows-x86_64\elasticsearch-8.4.1\bin;C:\Users\UG50TS\Downloads\;C:\Program Files;;."/>
    <property name="java.vm.info" value="JRE 11 Windows 10 amd64-64-Bit Compressed References 20220720_410 (JIT enabled, AOT enabled)&#10;OpenJ9   - 8cb527940&#10;OMR      - b58aa2708&#10;JCL      - 8b0defbf5f based on jdk-11.0.16+8"/>
    <property name="java.vendor" value="IBM Corporation"/>
    <property name="java.vm.version" value="openj9-0.33.0-rc1"/>
    <property name="ibm.system.encoding" value="Cp1252"/>
    <property name="com.ibm.jcl.checkClassPath" value=""/>
    <property name="sun.io.unicode.encoding" value="UnicodeLittle"/>
    <property name="java.class.version" value="55.0"/>
  </properties>
  <testcase name="contextLoads" classname="com.rbp.movieapp.MovieappApplicationTests" time="0.009"/>
</testsuite>